<?xml version="1.0" encoding="UTF-8"?>
<!-- Generated by org.testng.reporters.JUnitXMLReporter -->
<testsuite ignored="0" hostname="LAPTOP-POQKE9NF" failures="1" tests="1" name="Test" time="77.799" errors="0" timestamp="2024-11-11T22:23:01 IST">
  <testcase classname="testCase.TC001_LoginTest" name="loginTest" time="49.391">
    <failure type="java.lang.AssertionError" message="null">
      <![CDATA[java.lang.AssertionError: null
at testCase.TC001_LoginTest.loginTest(TC001_LoginTest.java:27)
at java.base/java.util.ArrayList.forEach(ArrayList.java:1511)
... Removed 27 stack frames]]>
    </failure>
  </testcase> <!-- loginTest -->
</testsuite> <!-- Test -->
