<?xml version="1.0" encoding="UTF-8"?>
<testng-results ignored="0" total="1" passed="1" failed="0" skipped="0">
  <reporter-output>
  </reporter-output>
  <suite started-at="2024-11-12T18:31:40 IST" name="Suite" finished-at="2024-11-12T18:34:18 IST" duration-ms="157308">
    <groups>
      <group name="Master">
        <method signature="TC001_SearchProductTest.searchProduct()[pri:0, instance:testCase.TC001_SearchProductTest@2f1de2d6]" name="searchProduct" class="testCase.TC001_SearchProductTest"/>
      </group> <!-- Master -->
    </groups>
    <test started-at="2024-11-12T18:31:40 IST" name="Test01" finished-at="2024-11-12T18:34:18 IST" duration-ms="157308">
      <class name="testCase.TC001_SearchProductTest">
        <test-method is-config="true" signature="setUp()[pri:0, instance:testCase.TC001_SearchProductTest@2f1de2d6]" started-at="2024-11-12T18:31:40 IST" name="setUp" finished-at="2024-11-12T18:31:50 IST" duration-ms="9462" status="PASS">
          <reporter-output>
          </reporter-output>
        </test-method> <!-- setUp -->
        <test-method signature="searchProduct()[pri:0, instance:testCase.TC001_SearchProductTest@2f1de2d6]" started-at="2024-11-12T18:31:50 IST" name="searchProduct" finished-at="2024-11-12T18:34:17 IST" duration-ms="146978" status="PASS">
          <reporter-output>
          </reporter-output>
        </test-method> <!-- searchProduct -->
        <test-method is-config="true" signature="tearDown()[pri:0, instance:testCase.TC001_SearchProductTest@2f1de2d6]" started-at="2024-11-12T18:34:17 IST" name="tearDown" finished-at="2024-11-12T18:34:18 IST" duration-ms="754" status="PASS">
          <reporter-output>
          </reporter-output>
        </test-method> <!-- tearDown -->
      </class> <!-- testCase.TC001_SearchProductTest -->
    </test> <!-- Test01 -->
  </suite> <!-- Suite -->
</testng-results>
