<?xml version="1.0" encoding="UTF-8"?>
<testng-results ignored="0" total="1" passed="1" failed="0" skipped="0">
  <reporter-output>
  </reporter-output>
  <suite started-at="2024-11-12T17:48:33 IST" name="Suite" finished-at="2024-11-12T17:51:07 IST" duration-ms="154176">
    <groups>
      <group name="Master">
        <method signature="TC001_SearchProductTest.searchProduct()[pri:0, instance:testCase.TC001_SearchProductTest@2f1de2d6]" name="searchProduct" class="testCase.TC001_SearchProductTest"/>
      </group> <!-- Master -->
    </groups>
    <test started-at="2024-11-12T17:48:33 IST" name="Test01" finished-at="2024-11-12T17:51:07 IST" duration-ms="154176">
      <class name="testCase.TC001_SearchProductTest">
        <test-method is-config="true" signature="setUp()[pri:0, instance:testCase.TC001_SearchProductTest@2f1de2d6]" started-at="2024-11-12T17:48:33 IST" name="setUp" finished-at="2024-11-12T17:48:44 IST" duration-ms="11812" status="PASS">
          <reporter-output>
          </reporter-output>
        </test-method> <!-- setUp -->
        <test-method signature="searchProduct()[pri:0, instance:testCase.TC001_SearchProductTest@2f1de2d6]" started-at="2024-11-12T17:48:44 IST" name="searchProduct" finished-at="2024-11-12T17:51:05 IST" duration-ms="140285" status="PASS">
          <reporter-output>
          </reporter-output>
        </test-method> <!-- searchProduct -->
        <test-method is-config="true" signature="tearDown()[pri:0, instance:testCase.TC001_SearchProductTest@2f1de2d6]" started-at="2024-11-12T17:51:05 IST" name="tearDown" finished-at="2024-11-12T17:51:07 IST" duration-ms="1977" status="PASS">
          <reporter-output>
          </reporter-output>
        </test-method> <!-- tearDown -->
      </class> <!-- testCase.TC001_SearchProductTest -->
    </test> <!-- Test01 -->
  </suite> <!-- Suite -->
</testng-results>
